[debug] [2021-08-15T15:08:45.565Z] ----------------------------------------------------------------------
[debug] [2021-08-15T15:08:45.572Z] Command:       C:\Program Files\nodejs\node.exe C:\Users\Jaqueline\AppData\Roaming\npm\node_modules\firebase-tools\lib\bin\firebase.js init
[debug] [2021-08-15T15:08:45.573Z] CLI Version:   9.16.5
[debug] [2021-08-15T15:08:45.574Z] Platform:      win32
[debug] [2021-08-15T15:08:45.574Z] Node Version:  v14.17.3
[debug] [2021-08-15T15:08:45.577Z] Time:          Sun Aug 15 2021 12:08:45 GMT-0300 (Horário Padrão de Brasília)
[debug] [2021-08-15T15:08:45.577Z] ----------------------------------------------------------------------
[debug] 
[debug] [2021-08-15T15:08:45.832Z] > command requires scopes: ["email","openid","https://www.googleapis.com/auth/cloudplatformprojects.readonly","https://www.googleapis.com/auth/firebase","https://www.googleapis.com/auth/cloud-platform"]
[debug] [2021-08-15T15:08:45.833Z] > authorizing via signed-in user (santimomoveis@gmail.com)
[info] 
     ######## #### ########  ######## ########     ###     ######  ########
     ##        ##  ##     ## ##       ##     ##  ##   ##  ##       ##
     ######    ##  ########  ######   ########  #########  ######  ######
     ##        ##  ##    ##  ##       ##     ## ##     ##       ## ##
     ##       #### ##     ## ######## ########  ##     ##  ######  ########

You're about to initialize a Firebase project in this directory:

  C:\Users\Jaqueline\Desktop\marvel-challenge-master

Before we get started, keep in mind:

  * You are initializing within an existing Firebase project directory

[info] 
=== Project Setup
[info] 
[info] First, let's associate this project directory with a Firebase project.
[info] You can create multiple project aliases by running firebase use --add, 
[info] but for now we'll just set up a default project.
[info] 
[info] i  .firebaserc already has a default project, using marvel-challenge-5bc86. 
[debug] [2021-08-15T15:08:59.119Z] > refreshing access token with scopes: []
[debug] [2021-08-15T15:08:59.121Z] >>> HTTP REQUEST POST https://www.googleapis.com/oauth2/v3/token  
 <request body omitted>
[debug] [2021-08-15T15:08:59.626Z] <<< HTTP RESPONSE 200 {"expires":"Mon, 01 Jan 1990 00:00:00 GMT","cache-control":"no-cache, no-store, max-age=0, must-revalidate","pragma":"no-cache","date":"Sun, 15 Aug 2021 15:09:01 GMT","content-type":"application/json; charset=utf-8","vary":"X-Origin, Referer, Origin,Accept-Encoding","server":"scaffolding on HTTPServer2","x-xss-protection":"0","x-frame-options":"SAMEORIGIN","x-content-type-options":"nosniff","alt-svc":"h3=\":443\"; ma=2592000,h3-29=\":443\"; ma=2592000,h3-T051=\":443\"; ma=2592000,h3-Q050=\":443\"; ma=2592000,h3-Q046=\":443\"; ma=2592000,h3-Q043=\":443\"; ma=2592000,quic=\":443\"; ma=2592000; v=\"46,43\"","accept-ranges":"none","transfer-encoding":"chunked"}
[debug] [2021-08-15T15:08:59.767Z] >>> [apiv2][query] GET https://firebase.googleapis.com/v1beta1/projects/marvel-challenge-5bc86 [none]
[debug] [2021-08-15T15:09:00.813Z] <<< [apiv2][status] GET https://firebase.googleapis.com/v1beta1/projects/marvel-challenge-5bc86 200
[debug] [2021-08-15T15:09:00.814Z] <<< [apiv2][body] GET https://firebase.googleapis.com/v1beta1/projects/marvel-challenge-5bc86 {"projectId":"marvel-challenge-5bc86","projectNumber":"738628293425","displayName":"marvel-challenge","name":"projects/marvel-challenge-5bc86","resources":{"hostingSite":"marvel-challenge-5bc86","realtimeDatabaseInstance":"marvel-challenge-5bc86-default-rtdb"},"state":"ACTIVE"}
[info] 
=== Hosting Setup
[info] 
[info] Your public directory is the folder (relative to your project directory) that
[info] will contain Hosting assets to be uploaded with firebase deploy. If you
[info] have a build process for your assets, use your build's output directory.
[info] 
[debug] [2021-08-15T15:09:12.425Z] >>> [apiv2][query] GET https://www.gstatic.com/firebasejs/releases.json [none]
[debug] [2021-08-15T15:09:13.252Z] <<< [apiv2][status] GET https://www.gstatic.com/firebasejs/releases.json 200
[debug] [2021-08-15T15:09:13.253Z] <<< [apiv2][body] GET https://www.gstatic.com/firebasejs/releases.json {"current":{"version":"8.9.1","browserURL":"https://www.gstatic.com/firebasejs/8.9.1/firebase.js","packageURL":"https://www.gstatic.com/firebasejs/8.9.1/firebase.tgz"},"live":{"version":"8.9","browserURL":"https://www.gstatic.com/firebasejs/live/8.9/firebase.js","packageURL":"https://www.gstatic.com/firebasejs/live/8.9/firebase.tgz"},"components":{"analytics":"https://www.gstatic.com/firebasejs/8.9.1/firebase-analytics.js","app":"https://www.gstatic.com/firebasejs/8.9.1/firebase-app.js","app-check":"https://www.gstatic.com/firebasejs/8.9.1/firebase-app-check.js","auth":"https://www.gstatic.com/firebasejs/8.9.1/firebase-auth.js","database":"https://www.gstatic.com/firebasejs/8.9.1/firebase-database.js","firestore":"https://www.gstatic.com/firebasejs/8.9.1/firebase-firestore.js","functions":"https://www.gstatic.com/firebasejs/8.9.1/firebase-functions.js","installations":"https://www.gstatic.com/firebasejs/8.9.1/firebase-installations.js","messaging":"https://www.gstatic.com/firebasejs/8.9.1/firebase-messaging.js","storage":"https://www.gstatic.com/firebasejs/8.9.1/firebase-storage.js","performance":"https://www.gstatic.com/firebasejs/8.9.1/firebase-performance.js","remote-config":"https://www.gstatic.com/firebasejs/8.9.1/firebase-remote-config.js","firestore.memory":"https://www.gstatic.com/firebasejs/8.9.1/firebase-firestore.memory.js"}}
[info] +  Wrote y/index.html 
[info] 
[info] i  Didn't detect a .git folder. Assuming C:\Users\Jaqueline\Desktop\marvel-challenge-master is the project root. 
[info] i  Authorizing with GitHub to upload your service account to a GitHub repository's secrets store. 
[info] 
[info] Visit this URL on this device to log in:
[info] https://github.com/login/oauth/authorize?client_id=89cf50f02ac6aaed3484&state=664191284&redirect_uri=http%3A%2F%2Flocalhost%3A9005&scope=read%3Auser%20repo%20public_repo
[info] 
[info] Waiting for authentication...
[debug] [2021-08-15T15:10:56.503Z] >>> HTTP REQUEST POST https://github.com/login/oauth/access_token  
 {"client_id":"89cf50f02ac6aaed3484","client_secret":"3330d14abc895d9a74d5f17cd7a00711fa2c5bf0","code":"7766166c89de57dc9296","redirect_uri":"http://localhost:9005","state":"664191284"}
[debug] [2021-08-15T15:10:56.841Z] <<< HTTP RESPONSE 200 {"server":"GitHub.com","date":"Sun, 15 Aug 2021 15:10:58 GMT","content-type":"application/json; charset=utf-8","transfer-encoding":"chunked","vary":"X-PJAX, Accept-Encoding, Accept, X-Requested-With","permissions-policy":"interest-cohort=()","etag":"W/\"b4239bab0e0c9f6b216ac009e34733d6\"","cache-control":"max-age=0, private, must-revalidate","strict-transport-security":"max-age=31536000; includeSubdomains; preload","x-frame-options":"deny","x-content-type-options":"nosniff","x-xss-protection":"0","referrer-policy":"origin-when-cross-origin, strict-origin-when-cross-origin","expect-ct":"max-age=2592000, report-uri=\"https://api.github.com/_private/browser/errors\"","content-security-policy":"default-src 'none'; base-uri 'self'; block-all-mixed-content; connect-src 'self' uploads.github.com www.githubstatus.com collector.githubapp.com api.github.com github-cloud.s3.amazonaws.com github-production-repository-file-5c1aeb.s3.amazonaws.com github-production-upload-manifest-file-7fdce7.s3.amazonaws.com github-production-user-asset-6210df.s3.amazonaws.com cdn.optimizely.com logx.optimizely.com/v1/events translator.github.com wss://alive.github.com; font-src github.githubassets.com; form-action 'self' github.com gist.github.com; frame-ancestors 'none'; frame-src render.githubusercontent.com render-temp.githubusercontent.com viewscreen.githubusercontent.com; img-src 'self' data: github.githubassets.com identicons.github.com collector.githubapp.com github-cloud.s3.amazonaws.com secured-user-images.githubusercontent.com/ *.githubusercontent.com; manifest-src 'self'; media-src 'none'; script-src github.githubassets.com; style-src 'unsafe-inline' github.githubassets.com; worker-src github.com/socket-worker-3f088aa2.js gist.github.com/socket-worker-3f088aa2.js","x-github-request-id":"40F4:2098:4B6378:596078:61192E82"}
[debug] [2021-08-15T15:10:56.898Z] >>> [apiv2][query] GET https://api.github.com/user [none]
[debug] [2021-08-15T15:10:57.285Z] <<< [apiv2][status] GET https://api.github.com/user 200
[debug] [2021-08-15T15:10:57.286Z] <<< [apiv2][body] GET https://api.github.com/user {"login":"santiagoidu","id":48780041,"node_id":"MDQ6VXNlcjQ4NzgwMDQx","avatar_url":"https://avatars.githubusercontent.com/u/48780041?v=4","gravatar_id":"","url":"https://api.github.com/users/santiagoidu","html_url":"https://github.com/santiagoidu","followers_url":"https://api.github.com/users/santiagoidu/followers","following_url":"https://api.github.com/users/santiagoidu/following{/other_user}","gists_url":"https://api.github.com/users/santiagoidu/gists{/gist_id}","starred_url":"https://api.github.com/users/santiagoidu/starred{/owner}{/repo}","subscriptions_url":"https://api.github.com/users/santiagoidu/subscriptions","organizations_url":"https://api.github.com/users/santiagoidu/orgs","repos_url":"https://api.github.com/users/santiagoidu/repos","events_url":"https://api.github.com/users/santiagoidu/events{/privacy}","received_events_url":"https://api.github.com/users/santiagoidu/received_events","type":"User","site_admin":false,"name":"Marco Tulio Santiago","company":null,"blog":"","location":null,"email":null,"hireable":null,"bio":null,"twitter_username":null,"public_repos":15,"public_gists":0,"followers":9,"following":20,"created_at":"2019-03-21T02:51:43Z","updated_at":"2021-08-12T14:21:29Z","private_gists":0,"total_private_repos":13,"owned_private_repos":13,"disk_usage":118995,"collaborators":5,"two_factor_authentication":false,"plan":{"name":"free","space":976562499,"collaborators":0,"private_repos":10000}}
[info] 
[info] +  Success! Logged into GitHub as santiagoidu 
[info] 
